2026-01-19 12:46:18,711 - INFO - Creating Vendor Summary Table.....
2026-01-19 12:47:16,354 - INFO -    VendorNumber                   VendorName  Brand              Description  \
0          1128  BROWN-FORMAN CORP             1233  Jack Daniels No 7 Black   
1          4425        MARTIGNETTI COMPANIES   3405    Tito's Handmade Vodka   
2         17035  PERNOD RICARD USA             8068         Absolut 80 Proof   
3          3960  DIAGEO NORTH AMERICA INC      4261   Capt Morgan Spiced Rum   
4          3960  DIAGEO NORTH AMERICA INC      3545          Ketel One Vodka   

   PurchasePrice  ActualPrice Volume  TotalPurchaseQuantity  \
0          26.27        36.99   1750                 145080   
1          23.19        28.99   1750                 164038   
2          18.24        24.99   1750                 187407   
3          16.17        22.99   1750                 201682   
4          21.89        29.99   1750                 138109   

   TotalPurchaseDollars  TotalSalesQuantity  TotalSalesDollars  \
0            3811251.60            142049.0         5101919.51   
1            3804041.22            160247.0         4819073.49   
2            3418303.68            187140.0         4538120.60   
3            3261197.94            200412.0         4475972.88   
4            3023206.01            135838.0         4223107.62   

   TotalSalesPrice  TotalExciseTax  FreightCost  
0        672819.31       260999.20     68601.68  
1        561512.37       294438.66    144929.24  
2        461140.15       343854.07    123780.22  
3        420050.01       368242.80    257032.07  
4        545778.28       249587.83    257032.07  
2026-01-19 12:47:16,389 - INFO - Cleaning Data.....
2026-01-19 12:47:16,414 - INFO -    VendorNumber                VendorName  Brand              Description  \
0          1128         BROWN-FORMAN CORP   1233  Jack Daniels No 7 Black   
1          4425     MARTIGNETTI COMPANIES   3405    Tito's Handmade Vodka   
2         17035         PERNOD RICARD USA   8068         Absolut 80 Proof   
3          3960  DIAGEO NORTH AMERICA INC   4261   Capt Morgan Spiced Rum   
4          3960  DIAGEO NORTH AMERICA INC   3545          Ketel One Vodka   

   PurchasePrice  ActualPrice  Volume  TotalPurchaseQuantity  \
0          26.27        36.99  1750.0                 145080   
1          23.19        28.99  1750.0                 164038   
2          18.24        24.99  1750.0                 187407   
3          16.17        22.99  1750.0                 201682   
4          21.89        29.99  1750.0                 138109   

   TotalPurchaseDollars  TotalSalesQuantity  TotalSalesDollars  \
0            3811251.60            142049.0         5101919.51   
1            3804041.22            160247.0         4819073.49   
2            3418303.68            187140.0         4538120.60   
3            3261197.94            200412.0         4475972.88   
4            3023206.01            135838.0         4223107.62   

   TotalSalesPrice  TotalExciseTax  FreightCost  GrossProfit  ProfitMargin  \
0        672819.31       260999.20     68601.68   1290667.91     25.297693   
1        561512.37       294438.66    144929.24   1015032.27     21.062810   
2        461140.15       343854.07    123780.22   1119816.92     24.675786   
3        420050.01       368242.80    257032.07   1214774.94     27.139908   
4        545778.28       249587.83    257032.07   1199901.61     28.412764   

   StockTurnover  SalesToPurchaseRatio  
0       0.979108              1.338647  
1       0.976890              1.266830  
2       0.998575              1.327594  
3       0.993703              1.372493  
4       0.983556              1.396897  
2026-01-19 12:47:16,426 - INFO - Ingesting data.....
2026-01-19 12:47:16,558 - INFO - Completed
2026-01-19 12:48:57,810 - ERROR - No such comm target registered: jupyter.widget.control
2026-01-19 12:48:57,828 - WARNING - No such comm: 8c696822-7e17-45af-a2b1-c7799d34aa66
2026-01-19 12:48:57,829 - DEBUG - Current comms: []
2026-01-19 13:13:30,334 - ERROR - No such comm target registered: jupyter.widget.control
2026-01-19 13:13:30,337 - WARNING - No such comm: 18871bc5-f690-488a-a42f-898cd5d70d4e
2026-01-19 13:13:30,339 - DEBUG - Current comms: []
2026-01-19 14:15:14,685 - ERROR - No such comm target registered: jupyter.widget.control
2026-01-19 14:15:14,702 - WARNING - No such comm: 14971031-f8d8-47f3-8cda-96e93c223d92
2026-01-19 14:15:14,704 - DEBUG - Current comms: []
2026-01-19 14:18:44,945 - ERROR - No such comm target registered: jupyter.widget.control
2026-01-19 14:18:44,950 - WARNING - No such comm: 7a162dc4-23de-4486-9c7a-ba5b5a1e6d3b
2026-01-19 14:18:44,951 - DEBUG - Current comms: []
2026-01-19 15:02:15,771 - ERROR - No such comm target registered: jupyter.widget.control
2026-01-19 15:02:15,781 - WARNING - No such comm: d7ff1358-6dd0-41dc-bd22-d62b6bdefd40
2026-01-19 15:02:15,782 - DEBUG - Current comms: []
2026-01-19 16:27:34,471 - ERROR - No such comm target registered: jupyter.widget.control
2026-01-19 16:27:34,579 - WARNING - No such comm: e065b140-2237-4fed-b34e-7bf3a32abfca
2026-01-19 16:27:34,580 - DEBUG - Current comms: []
2026-01-20 11:33:40,328 - ERROR - No such comm target registered: jupyter.widget.control
2026-01-20 11:33:40,332 - WARNING - No such comm: 382ac372-ef1a-41b7-8b5f-741144bfeba5
2026-01-20 11:33:40,332 - DEBUG - Current comms: []
2026-01-20 13:21:57,780 - ERROR - No such comm target registered: jupyter.widget.control
2026-01-20 13:21:57,788 - WARNING - No such comm: 09d674b9-a842-4098-8f8a-9fcbff89cc08
2026-01-20 13:21:57,788 - DEBUG - Current comms: []
2026-01-20 14:00:14,453 - ERROR - No such comm target registered: jupyter.widget.control
2026-01-20 14:00:14,457 - WARNING - No such comm: 64e89d54-9bd4-4110-97f9-2d446edd22ef
2026-01-20 14:00:14,457 - DEBUG - Current comms: []
